<?xml version="1.0" encoding="UTF-8"?>
<testsuite name="edu.coursera.parallel.ReciprocalArraySumTest" time="383.153" tests="4" errors="0" skipped="0" failures="4">
  <properties>
[...]
</properties>
  <testcase name="testParSimpleTwoHundredMillion" classname="edu.coursera.parallel.ReciprocalArraySumTest" time="211.547">
    <failure message="It was expected that the two-task parallel implementation would run at least 1.500000x faster, but it only achieved 1.182270x speedup" type="junit.framework.AssertionFailedError">junit.framework.AssertionFailedError: It was expected that the two-task parallel implementation would run at least 1.500000x faster, but it only achieved 1.182270x speedup
	at junit.framework.Assert.fail(Assert.java:47)
	at junit.framework.Assert.assertTrue(Assert.java:20)
	at edu.coursera.parallel.ReciprocalArraySumTest.testParSimpleTwoHundredMillion(ReciprocalArraySumTest.java:131)
</failure>
    <system-out><![CDATA[par called
compute with: 0,200000000
compute with: 0,100000000
par called
compute with: 0,200000000
compute with: 0,100000000
par called
compute with: 0,200000000
compute with: 0,100000000
par called
compute with: 0,200000000
compute with: 0,100000000
par called
compute with: 0,200000000
compute with: 0,100000000
par called
compute with: 0,200000000
compute with: 0,100000000
par called
compute with: 0,200000000
compute with: 0,100000000
par called
compute with: 0,200000000
compute with: 0,100000000
par called
compute with: 0,200000000
compute with: 0,100000000
par called
compute with: 0,200000000
compute with: 0,100000000
par called
compute with: 0,200000000
compute with: 0,100000000
par called
compute with: 0,200000000
compute with: 0,100000000
par called
compute with: 0,200000000
compute with: 0,100000000
par called
compute with: 0,200000000
compute with: 0,100000000
par called
compute with: 0,200000000
compute with: 0,100000000
par called
compute with: 0,200000000
compute with: 0,100000000
par called
compute with: 0,200000000
compute with: 0,100000000
par called
compute with: 0,200000000
compute with: 0,100000000
par called
compute with: 0,200000000
compute with: 0,100000000
par called
compute with: 0,200000000
compute with: 0,100000000
par called
compute with: 0,200000000
compute with: 0,100000000
par called
compute with: 0,200000000
compute with: 0,100000000
par called
compute with: 0,200000000
compute with: 0,100000000
par called
compute with: 0,200000000
compute with: 0,100000000
par called
compute with: 0,200000000
compute with: 0,100000000
par called
compute with: 0,200000000
compute with: 0,100000000
par called
compute with: 0,200000000
compute with: 0,100000000
par called
compute with: 0,200000000
compute with: 0,100000000
par called
compute with: 0,200000000
compute with: 0,100000000
par called
compute with: 0,200000000
compute with: 0,100000000
par called
compute with: 0,200000000
compute with: 0,100000000
par called
compute with: 0,200000000
compute with: 0,100000000
par called
compute with: 0,200000000
compute with: 0,100000000
par called
compute with: 0,200000000
compute with: 0,100000000
par called
compute with: 0,200000000
compute with: 0,100000000
par called
compute with: 0,200000000
compute with: 0,100000000
par called
compute with: 0,200000000
compute with: 0,100000000
par called
compute with: 0,200000000
compute with: 0,100000000
par called
compute with: 0,200000000
compute with: 0,100000000
par called
compute with: 0,200000000
compute with: 0,100000000
par called
compute with: 0,200000000
compute with: 0,100000000
par called
compute with: 0,200000000
compute with: 0,100000000
par called
compute with: 0,200000000
compute with: 0,100000000
par called
compute with: 0,200000000
compute with: 0,100000000
par called
compute with: 0,200000000
compute with: 0,100000000
par called
compute with: 0,200000000
compute with: 0,100000000
par called
compute with: 0,200000000
compute with: 0,100000000
par called
compute with: 0,200000000
compute with: 0,100000000
par called
compute with: 0,200000000
compute with: 0,100000000
par called
compute with: 0,200000000
compute with: 0,100000000
par called
compute with: 0,200000000
compute with: 0,100000000
par called
compute with: 0,200000000
compute with: 0,100000000
par called
compute with: 0,200000000
compute with: 0,100000000
par called
compute with: 0,200000000
compute with: 0,100000000
par called
compute with: 0,200000000
compute with: 0,100000000
par called
compute with: 0,200000000
compute with: 0,100000000
par called
compute with: 0,200000000
compute with: 0,100000000
par called
compute with: 0,200000000
compute with: 0,100000000
par called
compute with: 0,200000000
compute with: 0,100000000
par called
compute with: 0,200000000
compute with: 0,100000000
par called
compute with: 0,200000000
compute with: 0,100000000
]]></system-out>
  </testcase>
  <testcase name="testParSimpleTwoMillion" classname="edu.coursera.parallel.ReciprocalArraySumTest" time="1.943">
    <failure message="It was expected that the two-task parallel implementation would run at least 1.500000x faster, but it only achieved 0.360000x speedup" type="junit.framework.AssertionFailedError">junit.framework.AssertionFailedError: It was expected that the two-task parallel implementation would run at least 1.500000x faster, but it only achieved 0.360000x speedup
	at junit.framework.Assert.fail(Assert.java:47)
	at junit.framework.Assert.assertTrue(Assert.java:20)
	at edu.coursera.parallel.ReciprocalArraySumTest.testParSimpleTwoMillion(ReciprocalArraySumTest.java:120)
</failure>
    <system-out><![CDATA[par called
compute with: 0,2000000
compute with: 0,1000000
par called
compute with: 0,2000000
compute with: 0,1000000
par called
compute with: 0,2000000
compute with: 0,1000000
par called
compute with: 0,2000000
compute with: 0,1000000
par called
compute with: 0,2000000
compute with: 0,1000000
par called
compute with: 0,2000000
compute with: 0,1000000
par called
compute with: 0,2000000
compute with: 0,1000000
par called
compute with: 0,2000000
compute with: 0,1000000
par called
compute with: 0,2000000
compute with: 0,1000000
par called
compute with: 0,2000000
compute with: 0,1000000
par called
compute with: 0,2000000
compute with: 0,1000000
par called
compute with: 0,2000000
compute with: 0,1000000
par called
compute with: 0,2000000
compute with: 0,1000000
par called
compute with: 0,2000000
compute with: 0,1000000
par called
compute with: 0,2000000
compute with: 0,1000000
par called
compute with: 0,2000000
compute with: 0,1000000
par called
compute with: 0,2000000
compute with: 0,1000000
par called
compute with: 0,2000000
compute with: 0,1000000
par called
compute with: 0,2000000
compute with: 0,1000000
par called
compute with: 0,2000000
compute with: 0,1000000
par called
compute with: 0,2000000
compute with: 0,1000000
par called
compute with: 0,2000000
compute with: 0,1000000
par called
compute with: 0,2000000
compute with: 0,1000000
par called
compute with: 0,2000000
compute with: 0,1000000
par called
compute with: 0,2000000
compute with: 0,1000000
par called
compute with: 0,2000000
compute with: 0,1000000
par called
compute with: 0,2000000
compute with: 0,1000000
par called
compute with: 0,2000000
compute with: 0,1000000
par called
compute with: 0,2000000
compute with: 0,1000000
par called
compute with: 0,2000000
compute with: 0,1000000
par called
compute with: 0,2000000
compute with: 0,1000000
par called
compute with: 0,2000000
compute with: 0,1000000
par called
compute with: 0,2000000
compute with: 0,1000000
par called
compute with: 0,2000000
compute with: 0,1000000
par called
compute with: 0,2000000
compute with: 0,1000000
par called
compute with: 0,2000000
compute with: 0,1000000
par called
compute with: 0,2000000
compute with: 0,1000000
par called
compute with: 0,2000000
compute with: 0,1000000
par called
compute with: 0,2000000
compute with: 0,1000000
par called
compute with: 0,2000000
compute with: 0,1000000
par called
compute with: 0,2000000
compute with: 0,1000000
par called
compute with: 0,2000000
compute with: 0,1000000
par called
compute with: 0,2000000
compute with: 0,1000000
par called
compute with: 0,2000000
compute with: 0,1000000
par called
compute with: 0,2000000
compute with: 0,1000000
par called
compute with: 0,2000000
compute with: 0,1000000
par called
compute with: 0,2000000
compute with: 0,1000000
par called
compute with: 0,2000000
compute with: 0,1000000
par called
compute with: 0,2000000
compute with: 0,1000000
par called
compute with: 0,2000000
compute with: 0,1000000
par called
compute with: 0,2000000
compute with: 0,1000000
par called
compute with: 0,2000000
compute with: 0,1000000
par called
compute with: 0,2000000
compute with: 0,1000000
par called
compute with: 0,2000000
compute with: 0,1000000
par called
compute with: 0,2000000
compute with: 0,1000000
par called
compute with: 0,2000000
compute with: 0,1000000
par called
compute with: 0,2000000
compute with: 0,1000000
par called
compute with: 0,2000000
compute with: 0,1000000
par called
compute with: 0,2000000
compute with: 0,1000000
par called
compute with: 0,2000000
compute with: 0,1000000
par called
compute with: 0,2000000
compute with: 0,1000000
]]></system-out>
  </testcase>
  <testcase name="testParManyTaskTwoHundredMillion" classname="edu.coursera.parallel.ReciprocalArraySumTest" time="168.698">
    <failure message="It was expected that the many-task parallel implementation would run at least 3.200000x faster, but it only achieved 1.446602x speedup" type="junit.framework.AssertionFailedError">junit.framework.AssertionFailedError: It was expected that the many-task parallel implementation would run at least 3.200000x faster, but it only achieved 1.446602x speedup
	at junit.framework.Assert.fail(Assert.java:47)
	at junit.framework.Assert.assertTrue(Assert.java:20)
	at edu.coursera.parallel.ReciprocalArraySumTest.testParManyTaskTwoHundredMillion(ReciprocalArraySumTest.java:155)
</failure>
  </testcase>
  <testcase name="testParManyTaskTwoMillion" classname="edu.coursera.parallel.ReciprocalArraySumTest" time="0.965">
    <failure message="It was expected that the many-task parallel implementation would run at least 2.400000x faster, but it only achieved 1.000000x speedup" type="junit.framework.AssertionFailedError">junit.framework.AssertionFailedError: It was expected that the many-task parallel implementation would run at least 2.400000x faster, but it only achieved 1.000000x speedup
	at junit.framework.Assert.fail(Assert.java:47)
	at junit.framework.Assert.assertTrue(Assert.java:20)
	at edu.coursera.parallel.ReciprocalArraySumTest.testParManyTaskTwoMillion(ReciprocalArraySumTest.java:143)
</failure>
  </testcase>
</testsuite>